2025-06-08 21:36:00 | DEBUG | repo=postgres | action=commit
2025-03-20 20:27:00 | INFO | repo=postgres | action=pull
2024-05-10 14:30:00 | INFO | repo=postgres | action=commit
2024-07-05 21:27:00 | INFO | repo=postgres | action=commit
2025-07-02 12:08:00 | INFO | repo=postgres | action=commit
2024-12-09 17:35:00 | WARN | repo=postgres | action=commit
2024-10-16 07:25:00 | DEBUG | repo=postgres | action=commit
2025-10-20 18:48:00 | INFO | repo=postgres | action=test | passed=true
2025-12-02 12:59:00 | INFO | repo=postgres | action=commit
2025-04-25 18:42:00 | INFO | repo=postgres | action=commit
2025-01-09 21:49:00 | WARN | repo=postgres | action=pull
2024-07-27 11:56:00 | WARN | repo=postgres | action=commit
2025-11-22 08:15:00 | DEBUG | repo=postgres | action=commit
2024-11-05 16:35:00 | WARN | repo=postgres | action=pull
2025-03-12 11:41:00 | DEBUG | repo=postgres | action=edit | files=4
2024-07-21 12:37:00 | INFO | repo=postgres | action=commit
2024-07-10 19:05:00 | WARN | repo=postgres | action=commit
2024-12-27 12:23:00 | WARN | repo=postgres | action=commit
2024-10-01 18:36:00 | DEBUG | repo=postgres | action=edit | files=2
2025-03-15 13:23:00 | DEBUG | repo=postgres | action=commit
2025-08-03 21:52:00 | WARN | repo=postgres | action=commit
2024-03-03 14:50:00 | INFO | repo=postgres | action=commit
2025-04-26 13:43:00 | WARN | repo=postgres | action=commit
2025-04-14 08:28:00 | DEBUG | repo=postgres | action=commit
2025-05-15 11:15:00 | INFO | repo=postgres | action=commit
2025-12-14 07:50:00 | DEBUG | repo=postgres | action=test | passed=true
2024-12-18 20:36:00 | DEBUG | repo=postgres | action=commit
2025-11-13 10:16:00 | WARN | repo=postgres | action=test | passed=true
2025-11-09 08:18:00 | WARN | repo=postgres | action=commit
2025-11-01 14:18:00 | DEBUG | repo=postgres | action=pull
2025-05-27 07:34:00 | WARN | repo=postgres | action=test | passed=true
2025-09-08 17:35:00 | WARN | repo=postgres | action=commit
2025-02-17 16:30:00 | WARN | repo=postgres | action=test | passed=true
2025-08-25 17:37:00 | WARN | repo=postgres | action=edit | files=3
2025-04-05 09:35:00 | INFO | repo=postgres | action=edit | files=1
2025-05-22 15:06:00 | INFO | repo=postgres | action=commit
2025-10-20 15:20:00 | WARN | repo=postgres | action=commit
2025-04-22 16:09:00 | INFO | repo=postgres | action=edit | files=1
2025-01-03 11:40:00 | DEBUG | repo=postgres | action=commit
2025-02-07 19:35:00 | DEBUG | repo=postgres | action=commit
2025-10-04 09:03:00 | DEBUG | repo=postgres | action=pull
2025-02-28 08:08:00 | DEBUG | repo=postgres | action=commit
2025-02-13 20:33:00 | DEBUG | repo=postgres | action=edit | files=5
2025-12-20 14:41:00 | WARN | repo=postgres | action=commit
2025-11-25 14:43:00 | INFO | repo=postgres | action=edit | files=3
2025-01-07 07:40:00 | WARN | repo=postgres | action=edit | files=4
2025-12-06 08:05:00 | WARN | repo=postgres | action=pull
2025-02-22 14:07:00 | INFO | repo=postgres | action=commit
2025-07-15 14:46:00 | WARN | repo=postgres | action=edit | files=4
2025-01-09 14:09:00 | WARN | repo=postgres | action=edit | files=5
2025-06-17 12:34:00 | DEBUG | repo=postgres | action=test | passed=true
2025-12-20 11:34:00 | WARN | repo=postgres | action=commit
2025-08-12 11:37:00 | DEBUG | repo=postgres | action=commit
2025-03-06 18:02:00 | INFO | repo=postgres | action=commit
2025-03-26 15:23:00 | WARN | repo=postgres | action=commit
2025-07-28 16:53:00 | INFO | repo=postgres | action=commit
2025-02-22 20:48:00 | INFO | repo=postgres | action=commit
2025-05-10 07:07:00 | DEBUG | repo=postgres | action=commit
2025-11-11 11:43:00 | WARN | repo=postgres | action=commit
2025-06-26 08:53:00 | INFO | repo=postgres | action=commit
2025-06-24 13:45:00 | DEBUG | repo=postgres | action=commit
2025-01-10 10:28:00 | INFO | repo=postgres | action=commit
2025-09-09 20:50:00 | INFO | repo=postgres | action=pull
2025-05-05 21:25:00 | DEBUG | repo=postgres | action=commit
2025-07-11 19:05:00 | DEBUG | repo=postgres | action=test | passed=true
2025-05-20 14:02:00 | DEBUG | repo=postgres | action=commit
2025-04-10 19:12:00 | INFO | repo=postgres | action=commit
2025-02-21 14:43:00 | WARN | repo=postgres | action=test | passed=true
2025-03-10 18:31:00 | WARN | repo=postgres | action=commit
2025-07-18 20:12:00 | DEBUG | repo=postgres | action=pull
2025-07-02 12:47:00 | WARN | repo=postgres | action=commit
2025-12-22 15:16:00 | WARN | repo=postgres | action=commit
2025-08-17 11:42:00 | WARN | repo=postgres | action=commit
2025-05-23 19:59:00 | DEBUG | repo=postgres | action=commit
2025-06-18 19:11:00 | INFO | repo=postgres | action=commit
2025-09-25 13:23:00 | INFO | repo=postgres | action=commit
2025-05-19 08:32:00 | INFO | repo=postgres | action=commit
2025-06-09 07:37:00 | DEBUG | repo=postgres | action=commit
2025-04-22 20:04:00 | INFO | repo=postgres | action=commit
2025-09-18 19:10:00 | DEBUG | repo=postgres | action=commit
2025-11-28 14:08:00 | INFO | repo=postgres | action=commit
2025-04-25 08:50:00 | WARN | repo=postgres | action=commit
2025-05-08 20:45:00 | INFO | repo=postgres | action=edit | files=1
2025-03-16 17:03:00 | WARN | repo=postgres | action=commit
2025-08-14 20:48:00 | WARN | repo=postgres | action=pull
2025-03-12 20:12:00 | INFO | repo=postgres | action=pull
2025-06-24 18:00:00 | DEBUG | repo=postgres | action=commit
2025-02-10 11:01:00 | DEBUG | repo=postgres | action=commit
2025-01-08 19:08:00 | INFO | repo=postgres | action=commit
2025-10-17 20:17:00 | WARN | repo=postgres | action=commit
2025-03-27 21:47:00 | DEBUG | repo=postgres | action=commit
2025-08-01 17:37:00 | DEBUG | repo=postgres | action=commit
2025-01-18 08:12:00 | WARN | repo=postgres | action=commit
2025-07-07 08:41:00 | WARN | repo=postgres | action=commit
2025-05-18 21:33:00 | INFO | repo=postgres | action=commit
2025-07-10 08:09:00 | DEBUG | repo=postgres | action=commit
2025-08-07 17:51:00 | WARN | repo=postgres | action=commit
2025-10-04 15:18:00 | WARN | repo=postgres | action=commit
2025-08-13 15:46:00 | INFO | repo=postgres | action=pull
2025-07-18 21:52:00 | WARN | repo=postgres | action=commit
2025-12-21 16:47:00 | WARN | repo=postgres | action=commit
2025-08-05 07:16:00 | WARN | repo=postgres | action=pull
2025-06-07 21:31:00 | INFO | repo=postgres | action=edit | files=3
2025-05-03 13:53:00 | DEBUG | repo=postgres | action=commit
2025-08-07 11:38:00 | WARN | repo=postgres | action=commit
2025-05-05 15:45:00 | WARN | repo=postgres | action=commit
2025-11-19 21:41:00 | WARN | repo=postgres | action=commit
2025-02-07 20:52:00 | DEBUG | repo=postgres | action=commit
2025-12-07 17:21:00 | INFO | repo=postgres | action=commit
2025-10-23 09:38:00 | WARN | repo=postgres | action=commit
2025-08-08 11:20:00 | DEBUG | repo=postgres | action=edit | files=1
2025-09-24 12:36:00 | DEBUG | repo=postgres | action=commit
2025-09-15 14:00:00 | WARN | repo=postgres | action=commit
2025-06-26 20:44:00 | INFO | repo=postgres | action=commit
2025-10-23 13:31:00 | WARN | repo=postgres | action=commit
2025-08-09 19:50:00 | DEBUG | repo=postgres | action=commit
2025-10-07 19:41:00 | WARN | repo=postgres | action=pull
2025-10-12 10:41:00 | INFO | repo=postgres | action=commit
2025-10-27 10:33:00 | WARN | repo=postgres | action=commit
2025-10-07 21:47:00 | DEBUG | repo=postgres | action=pull
2025-09-15 07:25:00 | WARN | repo=postgres | action=commit
2025-12-15 20:06:00 | INFO | repo=postgres | action=commit
2025-12-28 19:17:00 | DEBUG | repo=postgres | action=commit
2025-10-08 08:23:00 | INFO | repo=postgres | action=commit
2025-09-07 18:59:00 | INFO | repo=postgres | action=commit
2025-01-06 15:11:00 | INFO | repo=postgres | action=commit
2025-07-26 09:45:00 | DEBUG | repo=postgres | action=commit
2025-09-11 12:12:00 | DEBUG | repo=postgres | action=commit
2025-10-06 10:37:00 | INFO | repo=postgres | action=commit
2025-11-27 12:41:00 | WARN | repo=postgres | action=commit
2025-08-26 14:51:00 | WARN | repo=postgres | action=commit
2025-08-19 11:05:00 | DEBUG | repo=postgres | action=pull
2025-04-08 15:52:00 | DEBUG | repo=postgres | action=commit
2025-03-09 07:14:00 | WARN | repo=postgres | action=commit
2025-09-17 08:29:00 | INFO | repo=postgres | action=edit | files=3
2025-08-11 13:50:00 | INFO | repo=postgres | action=commit
2025-10-22 17:12:00 | WARN | repo=postgres | action=commit
2025-02-19 14:46:00 | INFO | repo=postgres | action=commit
2025-03-14 11:43:00 | INFO | repo=postgres | action=commit
2025-04-20 09:35:00 | WARN | repo=postgres | action=edit | files=5
2025-08-06 12:45:00 | INFO | repo=postgres | action=pull
2025-10-17 16:39:00 | DEBUG | repo=postgres | action=commit
2025-02-07 10:12:00 | DEBUG | repo=postgres | action=commit
2025-12-16 13:03:00 | INFO | repo=postgres | action=commit
2025-04-13 17:53:00 | DEBUG | repo=postgres | action=edit | files=2
2025-06-21 16:58:00 | DEBUG | repo=postgres | action=commit
2025-03-04 13:37:00 | INFO | repo=postgres | action=pull
2025-06-13 14:51:00 | INFO | repo=postgres | action=pull
2025-06-05 08:59:00 | DEBUG | repo=postgres | action=commit
2025-04-21 19:27:00 | INFO | repo=postgres | action=pull
2025-04-18 16:23:00 | INFO | repo=postgres | action=edit | files=4
2025-11-15 14:41:00 | DEBUG | repo=postgres | action=pull
2025-08-13 16:40:00 | DEBUG | repo=postgres | action=pull
2025-10-17 08:19:00 | WARN | repo=postgres | action=pull
2025-04-06 20:26:00 | INFO | repo=postgres | action=commit
2025-05-03 18:51:00 | DEBUG | repo=postgres | action=edit | files=4
2025-06-26 20:33:00 | WARN | repo=postgres | action=commit
2025-07-07 17:11:00 | INFO | repo=postgres | action=commit
2025-12-05 16:36:00 | INFO | repo=postgres | action=commit
2025-05-22 15:38:00 | INFO | repo=postgres | action=pull
2025-08-04 19:46:00 | DEBUG | repo=postgres | action=test | passed=true
2025-11-06 16:05:00 | INFO | repo=postgres | action=commit
2025-08-27 11:52:00 | WARN | repo=postgres | action=edit | files=1
2025-04-07 16:49:00 | WARN | repo=postgres | action=pull
2025-09-27 08:43:00 | INFO | repo=postgres | action=commit
2025-08-03 14:29:00 | WARN | repo=postgres | action=commit
2025-12-25 10:29:00 | DEBUG | repo=postgres | action=pull
2025-02-03 08:01:00 | DEBUG | repo=postgres | action=commit
2025-06-18 08:30:00 | INFO | repo=postgres | action=pull
2025-07-08 20:39:00 | DEBUG | repo=postgres | action=test | passed=true
2025-07-14 17:20:00 | DEBUG | repo=postgres | action=pull
2025-07-12 20:44:00 | WARN | repo=postgres | action=test | passed=true
2025-07-20 18:01:00 | DEBUG | repo=postgres | action=pull
2025-04-05 11:09:00 | DEBUG | repo=postgres | action=test | passed=true
2025-10-17 20:57:00 | WARN | repo=postgres | action=commit
2025-03-13 08:09:00 | WARN | repo=postgres | action=commit
2025-03-09 17:11:00 | DEBUG | repo=postgres | action=test | passed=true
2025-07-27 20:44:00 | DEBUG | repo=postgres | action=commit
2025-06-13 14:05:00 | INFO | repo=postgres | action=test | passed=true
2025-07-26 07:32:00 | DEBUG | repo=postgres | action=commit
2025-09-26 21:22:00 | DEBUG | repo=postgres | action=test | passed=true
2025-09-22 09:16:00 | DEBUG | repo=postgres | action=commit
2025-08-13 20:22:00 | INFO | repo=postgres | action=edit | files=2
2025-08-21 09:53:00 | INFO | repo=postgres | action=commit
2025-01-19 20:03:00 | INFO | repo=postgres | action=commit
2025-06-15 08:02:00 | WARN | repo=postgres | action=commit
2025-07-24 07:13:00 | DEBUG | repo=postgres | action=commit
2025-05-24 19:10:00 | WARN | repo=postgres | action=test | passed=true
2025-06-01 20:11:00 | DEBUG | repo=postgres | action=test | passed=true
2025-08-07 10:10:00 | INFO | repo=postgres | action=commit
2025-02-16 11:23:00 | DEBUG | repo=postgres | action=commit
2025-08-17 08:56:00 | DEBUG | repo=postgres | action=pull
2025-07-03 21:33:00 | INFO | repo=postgres | action=commit
2025-03-12 19:03:00 | INFO | repo=postgres | action=commit
2025-08-24 09:28:00 | INFO | repo=postgres | action=commit
2025-04-07 19:06:00 | DEBUG | repo=postgres | action=commit
2025-01-06 08:52:00 | WARN | repo=postgres | action=commit
2025-12-18 08:55:00 | INFO | repo=postgres | action=commit
2025-03-28 09:14:00 | DEBUG | repo=postgres | action=commit
2025-04-17 07:26:00 | INFO | repo=postgres | action=commit
2025-04-21 17:57:00 | WARN | repo=postgres | action=edit | files=5
2025-09-11 07:59:00 | WARN | repo=postgres | action=test | passed=true
2025-01-15 20:25:00 | DEBUG | repo=postgres | action=commit
2025-04-23 10:59:00 | DEBUG | repo=postgres | action=commit
2025-03-01 08:29:00 | INFO | repo=postgres | action=commit
2025-04-21 08:37:00 | DEBUG | repo=postgres | action=test | passed=true
2025-11-26 11:14:00 | INFO | repo=postgres | action=commit
2025-10-15 15:07:00 | DEBUG | repo=postgres | action=commit
2025-11-17 15:06:00 | INFO | repo=postgres | action=pull
2025-04-28 16:17:00 | INFO | repo=postgres | action=commit
2025-07-17 21:56:00 | DEBUG | repo=postgres | action=commit
2025-02-26 18:30:00 | DEBUG | repo=postgres | action=commit
2025-11-06 21:38:00 | WARN | repo=postgres | action=test | passed=true
2025-07-15 16:23:00 | INFO | repo=postgres | action=edit | files=2
2025-08-27 07:54:00 | WARN | repo=postgres | action=test | passed=true
2025-01-03 19:42:00 | DEBUG | repo=postgres | action=test | passed=true
2025-05-01 13:05:00 | DEBUG | repo=postgres | action=edit | files=4
2025-06-15 21:58:00 | INFO | repo=postgres | action=commit
2025-04-05 08:04:00 | DEBUG | repo=postgres | action=commit
2025-02-10 09:10:00 | INFO | repo=postgres | action=test | passed=true
2025-11-20 11:33:00 | DEBUG | repo=postgres | action=test | passed=true
2025-04-18 18:25:00 | WARN | repo=postgres | action=edit | files=2
2025-08-05 14:47:00 | DEBUG | repo=postgres | action=test | passed=true
2025-12-06 15:45:00 | WARN | repo=postgres | action=pull
2025-05-14 07:42:00 | WARN | repo=postgres | action=commit
2025-05-17 13:09:00 | WARN | repo=postgres | action=commit
2025-11-21 12:42:00 | WARN | repo=postgres | action=edit | files=5
2025-05-28 08:51:00 | DEBUG | repo=postgres | action=commit
2025-08-11 11:30:00 | INFO | repo=postgres | action=commit
2025-12-12 21:06:00 | DEBUG | repo=postgres | action=commit
2025-01-24 16:06:00 | INFO | repo=postgres | action=pull
2025-02-01 20:49:00 | DEBUG | repo=postgres | action=pull
2025-09-19 14:56:00 | INFO | repo=postgres | action=commit
